----------

Mon Jun 01 2020 06:45:55 GMT-0500 (Central Daylight Time)

To https://github.com/cyphyhouse/cyphyhouse.github.io.git
   f710aa9..99e154f  master -> master


----------

Mon Jun 01 2020 08:33:00 GMT-0500 (Central Daylight Time)

To https://github.com/cyphyhouse/cyphyhouse.github.io.git
   0cf41d2..765d2a1  master -> master


----------

Mon Jun 01 2020 08:33:17 GMT-0500 (Central Daylight Time)

To https://github.com/cyphyhouse/cyphyhouse.github.io.git
   765d2a1..25beedd  master -> master


----------

Mon Jun 01 2020 08:44:48 GMT-0500 (Central Daylight Time)

To https://github.com/cyphyhouse/cyphyhouse.github.io.git
   a3d8163..2c741d9  master -> master


----------

Mon Jun 01 2020 08:46:58 GMT-0500 (Central Daylight Time)

To https://github.com/cyphyhouse/cyphyhouse.github.io.git
   55b3de8..f612ac7  master -> master


----------

Mon Jun 01 2020 09:15:57 GMT-0500 (Central Daylight Time)

To https://github.com/cyphyhouse/cyphyhouse.github.io.git
   fbc5011..b6f042f  master -> master


----------

Mon Jun 01 2020 11:11:48 GMT-0500 (Central Daylight Time)

To https://github.com/cyphyhouse/cyphyhouse.github.io.git
   58e341c..e8798dc  master -> master


----------

Mon Jun 01 2020 11:41:34 GMT-0500 (Central Daylight Time)

To https://github.com/cyphyhouse/cyphyhouse.github.io.git
   24fbd97..d71970e  master -> master


----------

Mon Jun 01 2020 11:43:12 GMT-0500 (Central Daylight Time)

To https://github.com/cyphyhouse/cyphyhouse.github.io.git
   d71970e..7e8af41  master -> master


----------

Mon Jun 01 2020 11:44:51 GMT-0500 (Central Daylight Time)

To https://github.com/cyphyhouse/cyphyhouse.github.io.git
   7e8af41..611d484  master -> master


----------

Mon Jun 01 2020 11:57:47 GMT-0500 (Central Daylight Time)

To https://github.com/cyphyhouse/cyphyhouse.github.io.git
   611d484..3a9c11b  master -> master


----------

Mon Jun 01 2020 12:08:01 GMT-0500 (Central Daylight Time)

To https://github.com/cyphyhouse/cyphyhouse.github.io.git
   80330bb..47d8181  master -> master


----------

Mon Jun 01 2020 12:15:47 GMT-0500 (Central Daylight Time)

To https://github.com/cyphyhouse/cyphyhouse.github.io.git
   74137b7..f75c4fa  master -> master


----------

Mon Jun 01 2020 12:21:23 GMT-0500 (Central Daylight Time)

To https://github.com/cyphyhouse/cyphyhouse.github.io.git
   f75c4fa..1c11029  master -> master


----------

Mon Jun 01 2020 12:22:49 GMT-0500 (Central Daylight Time)

To https://github.com/cyphyhouse/cyphyhouse.github.io.git
   1c11029..8617595  master -> master


----------

Mon Jun 01 2020 12:23:35 GMT-0500 (Central Daylight Time)

fatal: Unable to create '/Users/mim/cyphyhouse.github.io/.git/index.lock': File exists.

Another git process seems to be running in this repository, e.g.
an editor opened by 'git commit'. Please make sure all processes
are terminated then try again. If it still fails, a git process
may have crashed in this repository earlier:
remove the file manually to continue.


----------

Mon Jun 01 2020 12:23:35 GMT-0500 (Central Daylight Time)

fatal: Unable to create '/Users/mim/cyphyhouse.github.io/.git/index.lock': File exists.

Another git process seems to be running in this repository, e.g.
an editor opened by 'git commit'. Please make sure all processes
are terminated then try again. If it still fails, a git process
may have crashed in this repository earlier:
remove the file manually to continue.


----------

Mon Jun 01 2020 12:23:36 GMT-0500 (Central Daylight Time)

Everything up-to-date


----------

Mon Jun 01 2020 12:23:39 GMT-0500 (Central Daylight Time)

To https://github.com/cyphyhouse/cyphyhouse.github.io.git
   8617595..3471aff  master -> master


----------

Wed Jun 03 2020 11:13:10 GMT-0500 (Central Daylight Time)

To https://github.com/cyphyhouse/cyphyhouse.github.io.git
   9a5e622..3f748d0  master -> master


----------

Fri Jun 05 2020 06:27:24 GMT-0500 (Central Daylight Time)

To https://github.com/cyphyhouse/cyphyhouse.github.io.git
   9793fb7..d038a52  master -> master


----------

Fri Jun 05 2020 06:29:27 GMT-0500 (Central Daylight Time)

To https://github.com/cyphyhouse/cyphyhouse.github.io.git
   75cd068..1ba9051  master -> master


